<?xml version="1.0" encoding="UTF-8"?>
<!-- Generated by org.testng.reporters.JUnitReportReporter -->
<testsuite hostname="DESKTOP-E2RVPM6" name="com.school.test.SchoolLoginTest" tests="2" failures="0" timestamp="15 Jul 2016 06:37:48 GMT" time="0.007" errors="0">
  <testcase name="logout" time="0.001" classname="com.school.test.SchoolLoginTest"/>
  <testcase name="loginNormal" time="0.006" classname="com.school.test.SchoolLoginTest"/>
</testsuite> <!-- com.school.test.SchoolLoginTest -->
